TN:
SF:C:\Users\Administrator\Desktop\test\src\components\Example\hexColorLuminance.js
FN:5,(anonymous_0)
FN:19,(anonymous_1)
FN:33,(anonymous_2)
FNF:3
FNH:3
FNDA:1,(anonymous_0)
FNDA:1,(anonymous_1)
FNDA:2,(anonymous_2)
DA:5,1
DA:6,1
DA:8,1
DA:10,0
DA:14,0
DA:17,0
DA:25,1
DA:35,2
DA:36,2
DA:37,2
DA:39,2
DA:42,2
DA:43,2
DA:44,6
DA:45,6
DA:46,6
DA:49,2
DA:53,1
LF:18
LH:15
BRDA:6,0,0,1
BRDA:6,0,1,0
BRDA:6,1,0,1
BRDA:6,1,1,1
BRDA:10,2,0,0
BRDA:10,2,1,0
BRDA:36,3,0,2
BRDA:36,3,1,0
BRDA:39,4,0,2
BRDA:39,4,1,0
BRF:10
BRH:5
end_of_record
